<?xml version="1.0" encoding="UTF-8"?>
<!-- Generated by org.testng.reporters.JUnitXMLReporter -->
<testsuite ignored="0" hostname="LP002839" failures="0" tests="2" name="Default test" time="1.851" errors="0" timestamp="2022-03-22T15:55:47 IST">
  <testcase classname="com.testAPI.StudentAPITestWithSerialization_DeSerialization" name="createNewStudentUsingSerialiation" time="1.78"/>
  <testcase classname="com.testAPI.StudentAPITestWithSerialization_DeSerialization" name="getStudentRecordUsingDeSerialization" time="0.046"/>
</testsuite> <!-- Default test -->
