<?xml version="1.0" encoding="UTF-8"?>
<!-- Generated by org.testng.reporters.JUnitXMLReporter -->
<testsuite ignored="0" hostname="LP002839" failures="0" tests="3" name="Default test" time="2.886" errors="0" timestamp="2022-03-23T10:27:07 IST">
  <testcase classname="com.testAPI.OAuth2_AuthenticationTest" name="getAccessToken" time="1.876"/>
  <testcase classname="com.testAPI.OAuth2_AuthenticationTest" name="getUserID" time="0.448"/>
  <testcase classname="com.testAPI.OAuth2_AuthenticationTest" name="verifyPostMethod" time="0.534"/>
</testsuite> <!-- Default test -->
