<?xml version="1.0" encoding="UTF-8"?>
<!-- Generated by org.testng.reporters.JUnitXMLReporter -->
<testsuite ignored="0" hostname="DESKTOP-HBAUK9V" failures="0" tests="7" name="Test" time="2.409" errors="0" timestamp="2021-12-24T15:08:32 IST">
  <testcase classname="com.testAPI.TC_001_Get_All_StudentsTest" name="getAllStudentsList" time="0.651"/>
  <testcase classname="com.testAPI.TC_002_Get_Student_By_IDTest" name="getAllStudentsList" time="0.419"/>
  <testcase classname="com.testAPI.TC_003_Add_StudentTest" name="createNewStudentUsingSerialiation" time="0.205"/>
  <testcase classname="com.testAPI.TC_003_Add_StudentTest" name="getStudentRecordUsingDeSerialization" time="0.045"/>
  <testcase classname="com.testAPI.TC_004_Update_StudentTest" name="createNewStudentUsingSerialiation" time="0.028"/>
  <testcase classname="com.testAPI.TC_004_Update_StudentTest" name="getStudentRecordUsingDeSerialization" time="0.018"/>
  <testcase classname="com.testAPI.TC_005_Delete_StudentTest" name="deleteStudentTest" time="0.018"/>
</testsuite> <!-- Test -->
