<?xml version="1.0" encoding="UTF-8"?>
<!-- Generated by org.testng.reporters.JUnitXMLReporter -->
<testsuite ignored="0" hostname="LP002839" failures="0" tests="7" name="Test" time="2.361" errors="0" timestamp="2022-03-22T15:20:37 IST">
  <testcase classname="com.testAPI.TC_001_Get_All_StudentsTest" name="getAllStudentsList" time="0.696"/>
  <testcase classname="com.testAPI.TC_002_Get_Student_By_IDTest" name="getAllStudentsList" time="0.421"/>
  <testcase classname="com.testAPI.TC_003_Add_StudentTest" name="createNewStudentUsingSerialiation" time="0.221"/>
  <testcase classname="com.testAPI.TC_003_Add_StudentTest" name="getStudentRecordUsingDeSerialization" time="0.047"/>
  <testcase classname="com.testAPI.TC_004_Update_StudentTest" name="createNewStudentUsingSerialiation" time="0.039"/>
  <testcase classname="com.testAPI.TC_004_Update_StudentTest" name="getStudentRecordUsingDeSerialization" time="0.019"/>
  <testcase classname="com.testAPI.TC_005_Delete_StudentTest" name="deleteStudentTest" time="0.015"/>
</testsuite> <!-- Test -->
