<?xml version="1.0" encoding="UTF-8"?>
<testsuite xmlns:xsi="http://www.w3.org/2001/XMLSchema-instance" xsi:noNamespaceSchemaLocation="https://maven.apache.org/surefire/maven-surefire-plugin/xsd/surefire-test-report.xsd" name="TestSuite" time="31.139" tests="7" errors="0" skipped="0" failures="7">
  <properties>
[...]
</properties>
  <testcase name="getAllStudentsList" classname="com.testAPI.TC_001_Get_All_StudentsTest" time="4.89">
    <failure message="Connection refused: connect" type="java.net.ConnectException">java.net.ConnectException: Connection refused: connect
	at com.testAPI.TC_001_Get_All_StudentsTest.getAllStudentsList(TC_001_Get_All_StudentsTest.java:31)
</failure>
    <system-err><![CDATA[log4j:WARN No appenders could be found for logger (org.apache.http.impl.conn.BasicClientConnectionManager).
log4j:WARN Please initialize the log4j system properly.
]]></system-err>
  </testcase>
  <testcase name="getAllStudentsList" classname="com.testAPI.TC_002_Get_Student_By_IDTest" time="4.055">
    <failure message="Connection refused: connect" type="java.net.ConnectException">java.net.ConnectException: Connection refused: connect
	at com.testAPI.TC_002_Get_Student_By_IDTest.getAllStudentsList(TC_002_Get_Student_By_IDTest.java:45)
</failure>
  </testcase>
  <testcase name="createNewStudentUsingSerialiation" classname="com.testAPI.TC_003_Add_StudentTest" time="4.293">
    <failure message="Connection refused: connect" type="java.net.ConnectException">java.net.ConnectException: Connection refused: connect
	at com.testAPI.TC_003_Add_StudentTest.createNewStudentUsingSerialiation(TC_003_Add_StudentTest.java:48)
</failure>
    <system-out><![CDATA[89
arun_ddv@gmail.com
]]></system-out>
  </testcase>
  <testcase name="getStudentRecordUsingDeSerialization" classname="com.testAPI.TC_003_Add_StudentTest" time="4.064">
    <failure message="Connection refused: connect" type="java.net.ConnectException">java.net.ConnectException: Connection refused: connect
	at com.testAPI.TC_003_Add_StudentTest.getStudentRecordUsingDeSerialization(TC_003_Add_StudentTest.java:59)
</failure>
  </testcase>
  <testcase name="createNewStudentUsingSerialiation" classname="com.testAPI.TC_004_Update_StudentTest" time="4.097">
    <failure message="Connection refused: connect" type="java.net.ConnectException">java.net.ConnectException: Connection refused: connect
	at com.testAPI.TC_004_Update_StudentTest.createNewStudentUsingSerialiation(TC_004_Update_StudentTest.java:44)
</failure>
    <system-out><![CDATA[arun_YrI@gmail.com
]]></system-out>
  </testcase>
  <testcase name="getStudentRecordUsingDeSerialization" classname="com.testAPI.TC_004_Update_StudentTest" time="4.073">
    <failure message="Connection refused: connect" type="java.net.ConnectException">java.net.ConnectException: Connection refused: connect
	at com.testAPI.TC_004_Update_StudentTest.getStudentRecordUsingDeSerialization(TC_004_Update_StudentTest.java:54)
</failure>
  </testcase>
  <testcase name="deleteStudentTest" classname="com.testAPI.TC_005_Delete_StudentTest" time="4.055">
    <failure message="Connection refused: connect" type="java.net.ConnectException">java.net.ConnectException: Connection refused: connect
	at com.testAPI.TC_005_Delete_StudentTest.deleteStudentTest(TC_005_Delete_StudentTest.java:20)
</failure>
  </testcase>
</testsuite>