<?xml version="1.0" encoding="UTF-8"?>
<testng-results ignored="0" total="7" passed="7" failed="0" skipped="0">
  <reporter-output>
  </reporter-output>
  <suite started-at="2022-03-22T15:20:35 IST" name="Suite" finished-at="2022-03-22T15:20:37 IST" duration-ms="2361">
    <groups>
    </groups>
    <test started-at="2022-03-22T15:20:35 IST" name="Test" finished-at="2022-03-22T15:20:37 IST" duration-ms="2361">
      <class name="com.testAPI.TC_005_Delete_StudentTest">
        <test-method signature="deleteStudentTest(java.lang.String,java.lang.String,java.lang.String,java.lang.String)[pri:1, instance:com.testAPI.TC_005_Delete_StudentTest@7fd7a283]" started-at="2022-03-22T15:20:37 IST" name="deleteStudentTest" data-provider="getDeleteDataFromExcel" finished-at="2022-03-22T15:20:37 IST" duration-ms="15" status="PASS">
          <params>
            <param index="0">
              <value>
                <![CDATA[http://localhost:8888/student/106]]>
              </value>
            </param>
            <param index="1">
              <value>
                <![CDATA[DELETE]]>
              </value>
            </param>
            <param index="2">
              <value>
                <![CDATA[204]]>
              </value>
            </param>
            <param index="3">
              <value>
                <![CDATA[HTTP/1.1 204 ]]>
              </value>
            </param>
          </params>
          <reporter-output>
          </reporter-output>
        </test-method> <!-- deleteStudentTest -->
      </class> <!-- com.testAPI.TC_005_Delete_StudentTest -->
      <class name="com.testAPI.TC_001_Get_All_StudentsTest">
        <test-method is-config="true" signature="initializeAPI()[pri:0, instance:com.testAPI.TC_001_Get_All_StudentsTest@4a07d605]" started-at="2022-03-22T15:20:35 IST" name="initializeAPI" finished-at="2022-03-22T15:20:35 IST" duration-ms="365" status="PASS">
          <reporter-output>
          </reporter-output>
        </test-method> <!-- initializeAPI -->
        <test-method signature="getAllStudentsList(java.lang.String,java.lang.String,java.lang.String,java.lang.String,java.lang.String)[pri:1, instance:com.testAPI.TC_001_Get_All_StudentsTest@4a07d605]" started-at="2022-03-22T15:20:36 IST" name="getAllStudentsList" data-provider="getAllStudentDetails" finished-at="2022-03-22T15:20:37 IST" duration-ms="696" status="PASS">
          <params>
            <param index="0">
              <value>
                <![CDATA[http://localhost:8888/student/list]]>
              </value>
            </param>
            <param index="1">
              <value>
                <![CDATA[GET]]>
              </value>
            </param>
            <param index="2">
              <value>
                <![CDATA[200]]>
              </value>
            </param>
            <param index="3">
              <value>
                <![CDATA[HTTP/1.1 200 ]]>
              </value>
            </param>
            <param index="4">
              <value>
                <![CDATA[{
    "id": 3,
    "firstName": "Reece",
    "lastName": "Jason",
    "email": "tincidunt.dui@ultricessit.co.uk",
    "programme": "Computer Science",
    "courses": [
        "Calculus",
        "Algorithms",
        "Software Development",
        "Ethics"
    ]
}]]>
              </value>
            </param>
          </params>
          <reporter-output>
          </reporter-output>
        </test-method> <!-- getAllStudentsList -->
      </class> <!-- com.testAPI.TC_001_Get_All_StudentsTest -->
      <class name="com.testAPI.TC_004_Update_StudentTest">
        <test-method signature="createNewStudentUsingSerialiation(java.lang.String,java.lang.String,java.lang.String,java.lang.String,java.lang.String,java.lang.String,java.lang.String,java.lang.String,java.lang.String)[pri:0, instance:com.testAPI.TC_004_Update_StudentTest@7ac296f6]" started-at="2022-03-22T15:20:37 IST" name="createNewStudentUsingSerialiation" data-provider="getPutDatafromExcel" finished-at="2022-03-22T15:20:37 IST" duration-ms="39" status="PASS">
          <params>
            <param index="0">
              <value>
                <![CDATA[http://localhost:8888/student/5]]>
              </value>
            </param>
            <param index="1">
              <value>
                <![CDATA[POST]]>
              </value>
            </param>
            <param index="2">
              <value>
                <![CDATA[Arun]]>
              </value>
            </param>
            <param index="3">
              <value>
                <![CDATA[Kumar]]>
              </value>
            </param>
            <param index="4">
              <value>
                <![CDATA[Test Automation]]>
              </value>
            </param>
            <param index="5">
              <value>
                <![CDATA[Selenium, Cypress, Cucumber, TestNg]]>
              </value>
            </param>
            <param index="6">
              <value>
                <![CDATA[200]]>
              </value>
            </param>
            <param index="7">
              <value>
                <![CDATA[HTTP/1.1 200 ]]>
              </value>
            </param>
            <param index="8">
              <value>
                <![CDATA[Student Updated]]>
              </value>
            </param>
          </params>
          <reporter-output>
          </reporter-output>
        </test-method> <!-- createNewStudentUsingSerialiation -->
        <test-method signature="getStudentRecordUsingDeSerialization(java.lang.String,java.lang.String,java.lang.String,java.lang.String,java.lang.String,java.lang.String,java.lang.String,java.lang.String,java.lang.String)[pri:1, instance:com.testAPI.TC_004_Update_StudentTest@7ac296f6]" started-at="2022-03-22T15:20:37 IST" name="getStudentRecordUsingDeSerialization" data-provider="getPutDatafromExcel" finished-at="2022-03-22T15:20:37 IST" duration-ms="19" status="PASS">
          <params>
            <param index="0">
              <value>
                <![CDATA[http://localhost:8888/student/5]]>
              </value>
            </param>
            <param index="1">
              <value>
                <![CDATA[POST]]>
              </value>
            </param>
            <param index="2">
              <value>
                <![CDATA[Arun]]>
              </value>
            </param>
            <param index="3">
              <value>
                <![CDATA[Kumar]]>
              </value>
            </param>
            <param index="4">
              <value>
                <![CDATA[Test Automation]]>
              </value>
            </param>
            <param index="5">
              <value>
                <![CDATA[Selenium, Cypress, Cucumber, TestNg]]>
              </value>
            </param>
            <param index="6">
              <value>
                <![CDATA[200]]>
              </value>
            </param>
            <param index="7">
              <value>
                <![CDATA[HTTP/1.1 200 ]]>
              </value>
            </param>
            <param index="8">
              <value>
                <![CDATA[Student Updated]]>
              </value>
            </param>
          </params>
          <reporter-output>
          </reporter-output>
        </test-method> <!-- getStudentRecordUsingDeSerialization -->
      </class> <!-- com.testAPI.TC_004_Update_StudentTest -->
      <class name="com.testAPI.TC_002_Get_Student_By_IDTest">
        <test-method is-config="true" signature="initializeAPI()[pri:0, instance:com.testAPI.TC_002_Get_Student_By_IDTest@a8ef162]" started-at="2022-03-22T15:20:37 IST" name="initializeAPI" finished-at="2022-03-22T15:20:37 IST" duration-ms="0" status="PASS">
          <reporter-output>
          </reporter-output>
        </test-method> <!-- initializeAPI -->
        <test-method signature="getAllStudentsList(java.lang.String,java.lang.String,java.lang.String,java.lang.String,java.lang.String,java.lang.String,java.lang.String,java.lang.String,java.lang.String)[pri:1, instance:com.testAPI.TC_002_Get_Student_By_IDTest@a8ef162]" started-at="2022-03-22T15:20:37 IST" name="getAllStudentsList" data-provider="getSingleStudentDetails" finished-at="2022-03-22T15:20:37 IST" duration-ms="421" status="PASS">
          <params>
            <param index="0">
              <value>
                <![CDATA[http://localhost:8888/student/3]]>
              </value>
            </param>
            <param index="1">
              <value>
                <![CDATA[GET]]>
              </value>
            </param>
            <param index="2">
              <value>
                <![CDATA[200]]>
              </value>
            </param>
            <param index="3">
              <value>
                <![CDATA[HTTP/1.1 200 ]]>
              </value>
            </param>
            <param index="4">
              <value>
                <![CDATA[Reece]]>
              </value>
            </param>
            <param index="5">
              <value>
                <![CDATA[Jason]]>
              </value>
            </param>
            <param index="6">
              <value>
                <![CDATA[tincidunt.dui@ultricessit.co.uk]]>
              </value>
            </param>
            <param index="7">
              <value>
                <![CDATA[Computer Science]]>
              </value>
            </param>
            <param index="8">
              <value>
                <![CDATA[[Calculus, Algorithms, Software Development, Ethics]]]>
              </value>
            </param>
          </params>
          <reporter-output>
          </reporter-output>
        </test-method> <!-- getAllStudentsList -->
      </class> <!-- com.testAPI.TC_002_Get_Student_By_IDTest -->
      <class name="com.testAPI.TC_003_Add_StudentTest">
        <test-method signature="createNewStudentUsingSerialiation(java.lang.String,java.lang.String,java.lang.String,java.lang.String,java.lang.String,java.lang.String,java.lang.String,java.lang.String,java.lang.String)[pri:0, instance:com.testAPI.TC_003_Add_StudentTest@2eea88a1]" started-at="2022-03-22T15:20:37 IST" name="createNewStudentUsingSerialiation" data-provider="getPostDatafromExcel" finished-at="2022-03-22T15:20:37 IST" duration-ms="221" status="PASS">
          <params>
            <param index="0">
              <value>
                <![CDATA[http://localhost:8888/student]]>
              </value>
            </param>
            <param index="1">
              <value>
                <![CDATA[POST]]>
              </value>
            </param>
            <param index="2">
              <value>
                <![CDATA[Arun]]>
              </value>
            </param>
            <param index="3">
              <value>
                <![CDATA[Kumar]]>
              </value>
            </param>
            <param index="4">
              <value>
                <![CDATA[Test Automation]]>
              </value>
            </param>
            <param index="5">
              <value>
                <![CDATA[Selenium, Cypress, Cucumber, TestNg]]>
              </value>
            </param>
            <param index="6">
              <value>
                <![CDATA[201]]>
              </value>
            </param>
            <param index="7">
              <value>
                <![CDATA[HTTP/1.1 201 ]]>
              </value>
            </param>
            <param index="8">
              <value>
                <![CDATA[Student added]]>
              </value>
            </param>
          </params>
          <reporter-output>
          </reporter-output>
        </test-method> <!-- createNewStudentUsingSerialiation -->
        <test-method signature="getStudentRecordUsingDeSerialization(java.lang.String,java.lang.String,java.lang.String,java.lang.String,java.lang.String,java.lang.String,java.lang.String,java.lang.String,java.lang.String)[pri:1, instance:com.testAPI.TC_003_Add_StudentTest@2eea88a1]" started-at="2022-03-22T15:20:37 IST" name="getStudentRecordUsingDeSerialization" data-provider="getPostDatafromExcel" finished-at="2022-03-22T15:20:37 IST" duration-ms="47" status="PASS">
          <params>
            <param index="0">
              <value>
                <![CDATA[http://localhost:8888/student]]>
              </value>
            </param>
            <param index="1">
              <value>
                <![CDATA[POST]]>
              </value>
            </param>
            <param index="2">
              <value>
                <![CDATA[Arun]]>
              </value>
            </param>
            <param index="3">
              <value>
                <![CDATA[Kumar]]>
              </value>
            </param>
            <param index="4">
              <value>
                <![CDATA[Test Automation]]>
              </value>
            </param>
            <param index="5">
              <value>
                <![CDATA[Selenium, Cypress, Cucumber, TestNg]]>
              </value>
            </param>
            <param index="6">
              <value>
                <![CDATA[201]]>
              </value>
            </param>
            <param index="7">
              <value>
                <![CDATA[HTTP/1.1 201 ]]>
              </value>
            </param>
            <param index="8">
              <value>
                <![CDATA[Student added]]>
              </value>
            </param>
          </params>
          <reporter-output>
          </reporter-output>
        </test-method> <!-- getStudentRecordUsingDeSerialization -->
      </class> <!-- com.testAPI.TC_003_Add_StudentTest -->
    </test> <!-- Test -->
  </suite> <!-- Suite -->
</testng-results>
