<?xml version="1.0" encoding="UTF-8"?>
<testng-results ignored="0" total="3" passed="3" failed="0" skipped="0">
  <reporter-output>
  </reporter-output>
  <suite started-at="2022-03-23T10:27:04 IST" name="Default suite" finished-at="2022-03-23T10:27:07 IST" duration-ms="2886">
    <groups>
    </groups>
    <test started-at="2022-03-23T10:27:04 IST" name="Default test" finished-at="2022-03-23T10:27:07 IST" duration-ms="2886">
      <class name="com.testAPI.OAuth2_AuthenticationTest">
        <test-method signature="getAccessToken()[pri:0, instance:com.testAPI.OAuth2_AuthenticationTest@378542de]" started-at="2022-03-23T10:27:04 IST" name="getAccessToken" finished-at="2022-03-23T10:27:06 IST" duration-ms="1876" status="PASS">
          <reporter-output>
          </reporter-output>
        </test-method> <!-- getAccessToken -->
        <test-method signature="getUserID()[pri:1, instance:com.testAPI.OAuth2_AuthenticationTest@378542de]" started-at="2022-03-23T10:27:06 IST" name="getUserID" finished-at="2022-03-23T10:27:07 IST" depends-on-methods="com.testAPI.OAuth2_AuthenticationTest.getAccessToken" duration-ms="448" status="PASS">
          <reporter-output>
          </reporter-output>
        </test-method> <!-- getUserID -->
        <test-method signature="verifyPostMethod()[pri:1, instance:com.testAPI.OAuth2_AuthenticationTest@378542de]" started-at="2022-03-23T10:27:07 IST" name="verifyPostMethod" finished-at="2022-03-23T10:27:07 IST" depends-on-methods="com.testAPI.OAuth2_AuthenticationTest.getUserID" duration-ms="534" status="PASS">
          <reporter-output>
          </reporter-output>
        </test-method> <!-- verifyPostMethod -->
      </class> <!-- com.testAPI.OAuth2_AuthenticationTest -->
    </test> <!-- Default test -->
  </suite> <!-- Default suite -->
</testng-results>
